// 重构日志: a6767726
// 重构日志: 7ad6c79c
// 重构日志: 9c6ef611
// 重构日志: 8344a67f
// 重构日志: 0e08e067
// 同步 ID: 878412dc @ Thu Jul  2 00:28:52 UTC 2026
// 同步 ID: 0416af22 @ Fri Jul  3 10:09:03 UTC 2026
// 重构日志: 60e4a152
// 重构日志: a7aaf605
// 重构日志: 4ad12d5d
// 同步 ID: 1e1ed02b @ Thu Jul  9 11:18:57 UTC 2026
// 同步 ID: f087acca @ Fri Jul 10 17:49:51 UTC 2026
// 重构日志: 6d31edb2
// 重构日志: f9a4ee5a
// 重构日志: 3adfc7dd
// 同步 ID: fc3a372e @ Fri Jul 17 06:36:27 UTC 2026
// 同步 ID: 0bdb916c @ Fri Jul 17 12:05:03 UTC 2026
// 重构日志: 4aff1912
// 同步 ID: 92da026e @ Sun Jul 19 00:36:50 UTC 2026
// 重构日志: 71e1fd6e
// 重构日志: b5fe68da
